<?xml version="1.0" encoding="UTF-8"?>
<!-- Generated by org.testng.reporters.JUnitReportReporter -->
<testsuite hostname="LAPTOP-PGDI143N" failures="0" tests="5" name="testCases.TC003_LoginDTT" time="44.514" errors="0" timestamp="2024-11-05T16:14:15 WAT" skipped="0">
  <testcase classname="testCases.TC003_LoginDTT" name="verify_loginDDT" time="12.962"/>
  <testcase classname="testCases.TC003_LoginDTT" name="verify_loginDDT" time="11.676"/>
  <testcase classname="testCases.TC003_LoginDTT" name="verify_loginDDT" time="3.517"/>
  <testcase classname="testCases.TC003_LoginDTT" name="verify_loginDDT" time="3.065"/>
  <testcase classname="testCases.TC003_LoginDTT" name="verify_loginDDT" time="13.294"/>
</testsuite> <!-- testCases.TC003_LoginDTT -->
