<?xml version="1.0" encoding="UTF-8"?>
<!-- Generated by org.testng.reporters.JUnitReportReporter -->
<testsuite hostname="LAPTOP-PGDI143N" failures="0" tests="1" name="testCases.TC002_LoginTest" time="4.263" errors="0" timestamp="2024-11-05T17:44:14 WAT" skipped="0">
  <testcase classname="testCases.TC002_LoginTest" name="verify_login" time="4.263"/>
</testsuite> <!-- testCases.TC002_LoginTest -->
