<?xml version="1.0" encoding="UTF-8"?>
<!-- Generated by org.testng.reporters.JUnitReportReporter -->
<testsuite hostname="LAPTOP-PGDI143N" failures="0" tests="1" name="testCases.TC001_AccountRegistrationTest" time="2.661" errors="0" timestamp="2024-11-05T17:44:14 WAT" skipped="0">
  <testcase classname="testCases.TC001_AccountRegistrationTest" name="verify_account_registration" time="2.661"/>
</testsuite> <!-- testCases.TC001_AccountRegistrationTest -->
